[ 01.06.2023 - 13:40:37 ]
    (MSG) [2] SMILExtract: openSMILE starting!
[ 01.06.2023 - 13:40:37 ]
    (MSG) [2] SMILExtract: config file is: C:\Users\HP\Downloads\SOFTWARES\opensmile-3.0-win-x64\opensmile-3.0-win-x64/config/is09-13/IS13_ComParE.conf
[ 01.06.2023 - 13:40:37 ]
    (MSG) [2] cComponentManager: successfully registered 103 component types.
[ 01.06.2023 - 13:40:37 ]
    (MSG) [2] instance 'lldsink': No filename given, disabling this sink component.
[ 01.06.2023 - 13:40:37 ]
    (MSG) [2] instance 'lldhtksink': No filename given, disabling this sink component.
[ 01.06.2023 - 13:40:37 ]
    (MSG) [2] instance 'lldarffsink': No filename given, disabling this sink component.
[ 01.06.2023 - 13:40:37 ]
    (MSG) [2] instance 'csvsink': No filename given, disabling this sink component.
[ 01.06.2023 - 13:40:37 ]
    (MSG) [2] instance 'htksink': No filename given, disabling this sink component.
[ 01.06.2023 - 13:40:37 ]
    (MSG) [2] instance 'arffsink': writing ARFF header (6373 features)...
[ 01.06.2023 - 13:40:37 ]
    (MSG) [2] instance 'arffsink': finished writing ARFF header.
[ 01.06.2023 - 13:40:37 ]
    (MSG) [2] cComponentManager: successfully finished createInstances (48 component instances were finalised, 1 data memories were finalised)
[ 01.06.2023 - 13:40:37 ]
    (MSG) [2] cComponentManager: starting single thread processing loop
[ 01.06.2023 - 13:40:39 ]
    (WRN) [2] cComponentManager: The following component(s) could not perform any work because destination levels are full but no other component performed any work either: is13_energy is13_audspecSum is13_audspecRastaSum. Processing will possibly be incomplete. For more details, enable the execDebug option of cComponentManager.
[ 01.06.2023 - 13:40:39 ]
    (MSG) [2] cComponentManager: Processing finished! System ran for 7168 ticks.
